cl : 명령줄  warning D9035: 'Gm' 옵션은 더 이상 사용되지 않으므로 이후 릴리스에서 제거될 예정입니다.
  asst5.cpp
D:\workspace\cg_cs380\hw5\asst5\sgutils.h(9,28): warning C4996: 'std::tr1': warning STL4002: The non-Standard std::tr1 namespace and TR1-only machinery are deprecated and will be REMOVED. You can define _SILENCE_TR1_NAMESPACE_DEPRECATION_WARNING to suppress this warning.
  (소스 파일 'asst5.cpp'을(를) 컴파일하는 중)
  
D:\workspace\cg_cs380\hw5\asst5\sgutils.h(17,21): warning C4996: 'std::tr1': warning STL4002: The non-Standard std::tr1 namespace and TR1-only machinery are deprecated and will be REMOVED. You can define _SILENCE_TR1_NAMESPACE_DEPRECATION_WARNING to suppress this warning.
  (소스 파일 'asst5.cpp'을(를) 컴파일하는 중)
  
D:\workspace\cg_cs380\hw5\asst5\sgutils.h(25,33): warning C4996: 'std::tr1': warning STL4002: The non-Standard std::tr1 namespace and TR1-only machinery are deprecated and will be REMOVED. You can define _SILENCE_TR1_NAMESPACE_DEPRECATION_WARNING to suppress this warning.
  (소스 파일 'asst5.cpp'을(를) 컴파일하는 중)
  
D:\workspace\cg_cs380\hw5\asst5\sgutils.h(25,80): warning C4996: 'std::tr1': warning STL4002: The non-Standard std::tr1 namespace and TR1-only machinery are deprecated and will be REMOVED. You can define _SILENCE_TR1_NAMESPACE_DEPRECATION_WARNING to suppress this warning.
  (소스 파일 'asst5.cpp'을(를) 컴파일하는 중)
  
D:\workspace\cg_cs380\hw5\asst5\asst5.h(31,5): warning C4018: '<': signed 또는 unsigned가 일치하지 않습니다.
  (소스 파일 'asst5.cpp'을(를) 컴파일하는 중)
  
D:\workspace\cg_cs380\hw5\asst5\asst5.h(55,23): warning C4018: '<': signed 또는 unsigned가 일치하지 않습니다.
  (소스 파일 'asst5.cpp'을(를) 컴파일하는 중)
  
D:\workspace\cg_cs380\hw5\asst5\asst5.cpp(521,19): warning C4018: '>=': signed 또는 unsigned가 일치하지 않습니다.
D:\workspace\cg_cs380\hw5\asst5\asst5.cpp(536,21): warning C4018: '<': signed 또는 unsigned가 일치하지 않습니다.
D:\workspace\cg_cs380\hw5\asst5\asst5.cpp(241,1): warning C4715: 'getEyeRbt': 모든 제어 경로에서 값을 반환하지는 않습니다.
D:\workspace\cg_cs380\hw5\asst5\asst5.cpp(332,1): warning C4715: 'getCurrentViewNode': 모든 제어 경로에서 값을 반환하지는 않습니다.
D:\workspace\cg_cs380\hw5\asst5\asst5.cpp(253,1): warning C4715: 'getCenterRbt': 모든 제어 경로에서 값을 반환하지는 않습니다.
  asst2.vcxproj -> D:\workspace\cg_cs380\hw5\asst5\Debug\asst5.exe
